<?xml version="1.0" encoding="utf-8"?><testsuites name="pytest tests"><testsuite name="pytest" errors="0" failures="1" skipped="0" tests="19" time="3.845" timestamp="2026-06-22T11:38:44.775753+00:00" hostname="agent-env-f4f16547-a918-4951-95de-80c9f3cf4432"><testcase classname="backend.tests.test_coating_portal.TestAuth" name="test_login_success" time="0.449" /><testcase classname="backend.tests.test_coating_portal.TestAuth" name="test_login_wrong_password" time="0.354" /><testcase classname="backend.tests.test_coating_portal.TestAuth" name="test_me_requires_token" time="0.120" /><testcase classname="backend.tests.test_coating_portal.TestAuth" name="test_me_with_token" time="0.464" /><testcase classname="backend.tests.test_coating_portal.TestWorkOrders" name="test_list_all" time="0.101" /><testcase classname="backend.tests.test_coating_portal.TestWorkOrders" name="test_filter_priority" time="0.131" /><testcase classname="backend.tests.test_coating_portal.TestWorkOrders" name="test_filter_pending" time="0.150" /><testcase classname="backend.tests.test_coating_portal.TestWorkOrders" name="test_search_q" time="0.095" /><testcase classname="backend.tests.test_coating_portal.TestWorkOrders" name="test_detail" time="0.094" /><testcase classname="backend.tests.test_coating_portal.TestWorkOrders" name="test_detail_404" time="0.093" /><testcase classname="backend.tests.test_coating_portal.TestWeather" name="test_weather_keys" time="0.128" /><testcase classname="backend.tests.test_coating_portal.TestDashboard" name="test_dashboard" time="0.146" /><testcase classname="backend.tests.test_coating_portal.TestStageSubmit" name="test_happy_path_pass" time="0.208" /><testcase classname="backend.tests.test_coating_portal.TestStageSubmit" name="test_dft_hard_block" time="0.102"><failure message="AssertionError: {&quot;ok&quot;:true,&quot;result&quot;:&quot;pass&quot;,&quot;errors&quot;:[],&quot;stage_key&quot;:&quot;primer_coat&quot;,&quot;work_order_id&quot;:&quot;WO-2024-9912&quot;,&quot;submitted_at&quot;:&quot;2026-06-22T11:38:47.469440+00:00&quot;}&#10;assert 200 == 422&#10; +  where 200 = &lt;Response [200]&gt;.status_code">backend/tests/test_coating_portal.py:173: in test_dft_hard_block
    assert r.status_code == 422, r.text
E   AssertionError: {"ok":true,"result":"pass","errors":[],"stage_key":"primer_coat","work_order_id":"WO-2024-9912","submitted_at":"2026-06-22T11:38:47.469440+00:00"}
E   assert 200 == 422
E    +  where 200 = &lt;Response [200]&gt;.status_code</failure></testcase><testcase classname="backend.tests.test_coating_portal.TestStageSubmit" name="test_surface_profile_out_of_spec_marks_fail" time="0.095" /><testcase classname="backend.tests.test_coating_portal.TestStageSubmit" name="test_salts_over_max_marks_fail" time="0.107" /><testcase classname="backend.tests.test_coating_portal.TestStageSubmit" name="test_gate_fails_when_surface_not_gt_dew_plus_3" time="0.091" /><testcase classname="backend.tests.test_coating_portal.TestAuditAndHistory" name="test_audit_log_has_entries" time="0.711" /><testcase classname="backend.tests.test_coating_portal.TestAuditAndHistory" name="test_history_desc" time="0.106" /></testsuite></testsuites>